  ConsoleApplication1.cpp
c:\users\czieg\source\repos\consoleapplication1\consoleapplication1\consoleapplication1.cpp(13): error C2065: 'string': undeclared identifier
c:\users\czieg\source\repos\consoleapplication1\consoleapplication1\consoleapplication1.cpp(13): error C2146: syntax error: missing ';' before identifier 'name'
c:\users\czieg\source\repos\consoleapplication1\consoleapplication1\consoleapplication1.cpp(13): error C2065: 'name': undeclared identifier
c:\users\czieg\source\repos\consoleapplication1\consoleapplication1\consoleapplication1.cpp(16): error C2065: 'cout': undeclared identifier
c:\users\czieg\source\repos\consoleapplication1\consoleapplication1\consoleapplication1.cpp(17): error C2065: 'cin': undeclared identifier
c:\users\czieg\source\repos\consoleapplication1\consoleapplication1\consoleapplication1.cpp(17): error C2065: 'name': undeclared identifier
c:\users\czieg\source\repos\consoleapplication1\consoleapplication1\consoleapplication1.cpp(20): error C2065: 'cout': undeclared identifier
c:\users\czieg\source\repos\consoleapplication1\consoleapplication1\consoleapplication1.cpp(20): error C2065: 'name': undeclared identifier
c:\users\czieg\source\repos\consoleapplication1\consoleapplication1\consoleapplication1.cpp(20): error C2065: 'endl': undeclared identifier
c:\users\czieg\source\repos\consoleapplication1\consoleapplication1\consoleapplication1.cpp(24): error C2065: 'cout': undeclared identifier
c:\users\czieg\source\repos\consoleapplication1\consoleapplication1\consoleapplication1.cpp(24): error C2065: 'endl': undeclared identifier
c:\users\czieg\source\repos\consoleapplication1\consoleapplication1\consoleapplication1.cpp(26): error C2065: 'cout': undeclared identifier
c:\users\czieg\source\repos\consoleapplication1\consoleapplication1\consoleapplication1.cpp(27): error C2065: 'cout': undeclared identifier
c:\users\czieg\source\repos\consoleapplication1\consoleapplication1\consoleapplication1.cpp(27): error C2065: 'endl': undeclared identifier
c:\users\czieg\source\repos\consoleapplication1\consoleapplication1\consoleapplication1.cpp(28): error C2065: 'cout': undeclared identifier
c:\users\czieg\source\repos\consoleapplication1\consoleapplication1\consoleapplication1.cpp(28): error C2065: 'endl': undeclared identifier
c:\users\czieg\source\repos\consoleapplication1\consoleapplication1\consoleapplication1.cpp(29): error C2065: 'cout': undeclared identifier
c:\users\czieg\source\repos\consoleapplication1\consoleapplication1\consoleapplication1.cpp(29): error C2065: 'endl': undeclared identifier
c:\users\czieg\source\repos\consoleapplication1\consoleapplication1\consoleapplication1.cpp(30): error C2065: 'cout': undeclared identifier
c:\users\czieg\source\repos\consoleapplication1\consoleapplication1\consoleapplication1.cpp(30): error C2065: 'endl': undeclared identifier
c:\users\czieg\source\repos\consoleapplication1\consoleapplication1\consoleapplication1.cpp(31): error C2065: 'cout': undeclared identifier
c:\users\czieg\source\repos\consoleapplication1\consoleapplication1\consoleapplication1.cpp(31): error C2065: 'endl': undeclared identifier
c:\users\czieg\source\repos\consoleapplication1\consoleapplication1\consoleapplication1.cpp(32): error C2065: 'cout': undeclared identifier
c:\users\czieg\source\repos\consoleapplication1\consoleapplication1\consoleapplication1.cpp(34): error C2065: 'cin': undeclared identifier
c:\users\czieg\source\repos\consoleapplication1\consoleapplication1\consoleapplication1.cpp(39): error C2065: 'cout': undeclared identifier
c:\users\czieg\source\repos\consoleapplication1\consoleapplication1\consoleapplication1.cpp(39): error C2065: 'endl': undeclared identifier
c:\users\czieg\source\repos\consoleapplication1\consoleapplication1\consoleapplication1.cpp(42): error C2065: 'cout': undeclared identifier
c:\users\czieg\source\repos\consoleapplication1\consoleapplication1\consoleapplication1.cpp(42): error C2065: 'endl': undeclared identifier
c:\users\czieg\source\repos\consoleapplication1\consoleapplication1\consoleapplication1.cpp(45): error C2065: 'cout': undeclared identifier
c:\users\czieg\source\repos\consoleapplication1\consoleapplication1\consoleapplication1.cpp(45): error C2065: 'endl': undeclared identifier
c:\users\czieg\source\repos\consoleapplication1\consoleapplication1\consoleapplication1.cpp(49): error C2065: 'cout': undeclared identifier
c:\users\czieg\source\repos\consoleapplication1\consoleapplication1\consoleapplication1.cpp(49): error C2065: 'endl': undeclared identifier
c:\users\czieg\source\repos\consoleapplication1\consoleapplication1\consoleapplication1.cpp(52): error C2065: 'cout': undeclared identifier
c:\users\czieg\source\repos\consoleapplication1\consoleapplication1\consoleapplication1.cpp(55): error C2065: 'cout': undeclared identifier
c:\users\czieg\source\repos\consoleapplication1\consoleapplication1\consoleapplication1.cpp(55): error C2065: 'endl': undeclared identifier
